2019-08-10 18:37:19.870 [Test worker] INFO  com.zmglove.web.ApplicationTest - Starting ApplicationTest on langzideMacBook-Pro.local with PID 5869 (started by langzi in /Users/langzi/nami/open-source/springboot-tw/springboot-tw-02-02-config)
2019-08-10 18:37:19.874 [Test worker] INFO  com.zmglove.web.ApplicationTest - The following profiles are active: dev
2019-08-10 18:37:19.931 [Test worker] INFO  o.s.w.context.support.GenericWebApplicationContext - Refreshing org.springframework.web.context.support.GenericWebApplicationContext@20e636aa: startup date [Sat Aug 10 18:37:19 CST 2019]; root of context hierarchy
2019-08-10 18:37:20.824 [Test worker] INFO  o.s.scheduling.concurrent.ThreadPoolTaskExecutor - Initializing ExecutorService  'threadPoolTaskExecutor'
2019-08-10 18:37:21.205 [Test worker] INFO  o.s.web.servlet.handler.SimpleUrlHandlerMapping - Mapped URL path [/**/favicon.ico] onto handler of type [class org.springframework.web.servlet.resource.ResourceHttpRequestHandler]
2019-08-10 18:37:21.404 [Test worker] INFO  o.s.w.s.m.m.a.RequestMappingHandlerAdapter - Looking for @ControllerAdvice: org.springframework.web.context.support.GenericWebApplicationContext@20e636aa: startup date [Sat Aug 10 18:37:19 CST 2019]; root of context hierarchy
2019-08-10 18:37:21.488 [Test worker] INFO  o.s.w.s.m.m.a.RequestMappingHandlerMapping - Mapped "{[/hello]}" onto public java.lang.String com.zmglove.web.HelloController.index()
2019-08-10 18:37:21.497 [Test worker] INFO  o.s.w.s.m.m.a.RequestMappingHandlerMapping - Mapped "{[/recording/create],methods=[POST],produces=[application/json;charset=UTF-8]}" onto public java.lang.String com.zmglove.web.RecordingController.createRecording(com.zmglove.model.AgoraChannel) throws java.lang.Exception
2019-08-10 18:37:21.498 [Test worker] INFO  o.s.w.s.m.m.a.RequestMappingHandlerMapping - Mapped "{[/recording/close/{channelId}],methods=[GET],produces=[application/json;charset=UTF-8]}" onto public java.lang.String com.zmglove.web.RecordingController.closeChannel(java.lang.String) throws java.lang.Exception
2019-08-10 18:37:21.501 [Test worker] INFO  o.s.w.s.m.m.a.RequestMappingHandlerMapping - Mapped "{[/error]}" onto public org.springframework.http.ResponseEntity<java.util.Map<java.lang.String, java.lang.Object>> org.springframework.boot.autoconfigure.web.servlet.error.BasicErrorController.error(javax.servlet.http.HttpServletRequest)
2019-08-10 18:37:21.502 [Test worker] INFO  o.s.w.s.m.m.a.RequestMappingHandlerMapping - Mapped "{[/error],produces=[text/html]}" onto public org.springframework.web.servlet.ModelAndView org.springframework.boot.autoconfigure.web.servlet.error.BasicErrorController.errorHtml(javax.servlet.http.HttpServletRequest,javax.servlet.http.HttpServletResponse)
2019-08-10 18:37:21.538 [Test worker] INFO  o.s.web.servlet.handler.SimpleUrlHandlerMapping - Mapped URL path [/webjars/**] onto handler of type [class org.springframework.web.servlet.resource.ResourceHttpRequestHandler]
2019-08-10 18:37:21.539 [Test worker] INFO  o.s.web.servlet.handler.SimpleUrlHandlerMapping - Mapped URL path [/**] onto handler of type [class org.springframework.web.servlet.resource.ResourceHttpRequestHandler]
2019-08-10 18:37:21.870 [Test worker] INFO  com.zmglove.web.ApplicationTest - Started ApplicationTest in 22.381 seconds (JVM running for 23.43)
2019-08-10 18:37:22.009 [Test worker] INFO  o.s.w.s.m.m.a.RequestMappingHandlerMapping - Mapped "{[/hello]}" onto public java.lang.String com.zmglove.web.HelloController.index()
2019-08-10 18:37:22.027 [Test worker] INFO  o.s.w.s.m.m.a.RequestMappingHandlerAdapter - Looking for @ControllerAdvice: org.springframework.test.web.servlet.setup.StubWebApplicationContext@60c462d3
2019-08-10 18:37:22.033 [Test worker] INFO  org.springframework.mock.web.MockServletContext - Initializing Spring FrameworkServlet ''
2019-08-10 18:37:22.034 [Test worker] INFO  o.s.test.web.servlet.TestDispatcherServlet - FrameworkServlet '': initialization started
2019-08-10 18:37:22.035 [Test worker] INFO  o.s.test.web.servlet.TestDispatcherServlet - FrameworkServlet '': initialization completed in 1 ms
2019-08-10 18:40:42.780 [main] INFO  com.zmglove.web.ApplicationTest - Starting ApplicationTest on langzideMacBook-Pro.local with PID 5928 (started by langzi in /Users/langzi/nami/open-source/springboot-tw/springboot-tw-02-02-config)
2019-08-10 18:40:42.785 [main] INFO  com.zmglove.web.ApplicationTest - The following profiles are active: dev
2019-08-10 18:40:42.851 [main] INFO  o.s.w.context.support.GenericWebApplicationContext - Refreshing org.springframework.web.context.support.GenericWebApplicationContext@38cee291: startup date [Sat Aug 10 18:40:42 CST 2019]; root of context hierarchy
2019-08-10 18:40:43.891 [main] INFO  o.s.scheduling.concurrent.ThreadPoolTaskExecutor - Initializing ExecutorService  'threadPoolTaskExecutor'
2019-08-10 18:40:44.252 [main] INFO  o.s.web.servlet.handler.SimpleUrlHandlerMapping - Mapped URL path [/**/favicon.ico] onto handler of type [class org.springframework.web.servlet.resource.ResourceHttpRequestHandler]
2019-08-10 18:40:44.464 [main] INFO  o.s.w.s.m.m.a.RequestMappingHandlerAdapter - Looking for @ControllerAdvice: org.springframework.web.context.support.GenericWebApplicationContext@38cee291: startup date [Sat Aug 10 18:40:42 CST 2019]; root of context hierarchy
2019-08-10 18:40:44.538 [main] INFO  o.s.w.s.m.m.a.RequestMappingHandlerMapping - Mapped "{[/hello]}" onto public java.lang.String com.zmglove.web.HelloController.index()
2019-08-10 18:40:44.544 [main] INFO  o.s.w.s.m.m.a.RequestMappingHandlerMapping - Mapped "{[/recording/create],methods=[POST],produces=[application/json;charset=UTF-8]}" onto public java.lang.String com.zmglove.web.RecordingController.createRecording(com.zmglove.model.AgoraChannel) throws java.lang.Exception
2019-08-10 18:40:44.545 [main] INFO  o.s.w.s.m.m.a.RequestMappingHandlerMapping - Mapped "{[/recording/close/{channelId}],methods=[GET],produces=[application/json;charset=UTF-8]}" onto public java.lang.String com.zmglove.web.RecordingController.closeChannel(java.lang.String) throws java.lang.Exception
2019-08-10 18:40:44.548 [main] INFO  o.s.w.s.m.m.a.RequestMappingHandlerMapping - Mapped "{[/error]}" onto public org.springframework.http.ResponseEntity<java.util.Map<java.lang.String, java.lang.Object>> org.springframework.boot.autoconfigure.web.servlet.error.BasicErrorController.error(javax.servlet.http.HttpServletRequest)
2019-08-10 18:40:44.549 [main] INFO  o.s.w.s.m.m.a.RequestMappingHandlerMapping - Mapped "{[/error],produces=[text/html]}" onto public org.springframework.web.servlet.ModelAndView org.springframework.boot.autoconfigure.web.servlet.error.BasicErrorController.errorHtml(javax.servlet.http.HttpServletRequest,javax.servlet.http.HttpServletResponse)
2019-08-10 18:40:44.580 [main] INFO  o.s.web.servlet.handler.SimpleUrlHandlerMapping - Mapped URL path [/webjars/**] onto handler of type [class org.springframework.web.servlet.resource.ResourceHttpRequestHandler]
2019-08-10 18:40:44.581 [main] INFO  o.s.web.servlet.handler.SimpleUrlHandlerMapping - Mapped URL path [/**] onto handler of type [class org.springframework.web.servlet.resource.ResourceHttpRequestHandler]
2019-08-10 18:40:44.783 [main] INFO  com.zmglove.web.ApplicationTest - Started ApplicationTest in 22.662 seconds (JVM running for 24.777)
2019-08-10 18:40:44.939 [main] INFO  o.s.w.s.m.m.a.RequestMappingHandlerMapping - Mapped "{[/hello]}" onto public java.lang.String com.zmglove.web.HelloController.index()
2019-08-10 18:40:44.952 [main] INFO  o.s.w.s.m.m.a.RequestMappingHandlerAdapter - Looking for @ControllerAdvice: org.springframework.test.web.servlet.setup.StubWebApplicationContext@64138b0c
2019-08-10 18:40:44.959 [main] INFO  org.springframework.mock.web.MockServletContext - Initializing Spring FrameworkServlet ''
2019-08-10 18:40:44.959 [main] INFO  o.s.test.web.servlet.TestDispatcherServlet - FrameworkServlet '': initialization started
2019-08-10 18:40:44.960 [main] INFO  o.s.test.web.servlet.TestDispatcherServlet - FrameworkServlet '': initialization completed in 0 ms
2019-08-10 18:54:14.471 [Test worker] INFO  com.zmglove.web.ApplicationTest - Starting ApplicationTest on langzideMacBook-Pro.local with PID 6056 (started by langzi in /Users/langzi/nami/open-source/springboot-tw/springboot-tw-02-02-config)
2019-08-10 18:54:14.478 [Test worker] INFO  com.zmglove.web.ApplicationTest - The following profiles are active: dev
2019-08-10 18:54:14.541 [Test worker] INFO  o.s.w.context.support.GenericWebApplicationContext - Refreshing org.springframework.web.context.support.GenericWebApplicationContext@6916ebff: startup date [Sat Aug 10 18:54:14 CST 2019]; root of context hierarchy
2019-08-10 18:54:15.419 [Test worker] INFO  o.s.scheduling.concurrent.ThreadPoolTaskExecutor - Initializing ExecutorService  'threadPoolTaskExecutor'
2019-08-10 18:54:15.826 [Test worker] INFO  o.s.web.servlet.handler.SimpleUrlHandlerMapping - Mapped URL path [/**/favicon.ico] onto handler of type [class org.springframework.web.servlet.resource.ResourceHttpRequestHandler]
2019-08-10 18:54:16.033 [Test worker] INFO  o.s.w.s.m.m.a.RequestMappingHandlerAdapter - Looking for @ControllerAdvice: org.springframework.web.context.support.GenericWebApplicationContext@6916ebff: startup date [Sat Aug 10 18:54:14 CST 2019]; root of context hierarchy
2019-08-10 18:54:16.113 [Test worker] INFO  o.s.w.s.m.m.a.RequestMappingHandlerMapping - Mapped "{[/hello]}" onto public java.lang.String com.zmglove.web.HelloController.index()
2019-08-10 18:54:16.122 [Test worker] INFO  o.s.w.s.m.m.a.RequestMappingHandlerMapping - Mapped "{[/recording/create],methods=[POST],produces=[application/json;charset=UTF-8]}" onto public java.lang.String com.zmglove.web.RecordingController.createRecording(com.zmglove.model.AgoraChannel) throws java.lang.Exception
2019-08-10 18:54:16.123 [Test worker] INFO  o.s.w.s.m.m.a.RequestMappingHandlerMapping - Mapped "{[/recording/close/{channelId}],methods=[GET],produces=[application/json;charset=UTF-8]}" onto public java.lang.String com.zmglove.web.RecordingController.closeChannel(java.lang.String) throws java.lang.Exception
2019-08-10 18:54:16.126 [Test worker] INFO  o.s.w.s.m.m.a.RequestMappingHandlerMapping - Mapped "{[/error]}" onto public org.springframework.http.ResponseEntity<java.util.Map<java.lang.String, java.lang.Object>> org.springframework.boot.autoconfigure.web.servlet.error.BasicErrorController.error(javax.servlet.http.HttpServletRequest)
2019-08-10 18:54:16.127 [Test worker] INFO  o.s.w.s.m.m.a.RequestMappingHandlerMapping - Mapped "{[/error],produces=[text/html]}" onto public org.springframework.web.servlet.ModelAndView org.springframework.boot.autoconfigure.web.servlet.error.BasicErrorController.errorHtml(javax.servlet.http.HttpServletRequest,javax.servlet.http.HttpServletResponse)
2019-08-10 18:54:16.164 [Test worker] INFO  o.s.web.servlet.handler.SimpleUrlHandlerMapping - Mapped URL path [/webjars/**] onto handler of type [class org.springframework.web.servlet.resource.ResourceHttpRequestHandler]
2019-08-10 18:54:16.165 [Test worker] INFO  o.s.web.servlet.handler.SimpleUrlHandlerMapping - Mapped URL path [/**] onto handler of type [class org.springframework.web.servlet.resource.ResourceHttpRequestHandler]
2019-08-10 18:54:16.453 [Test worker] INFO  com.zmglove.web.ApplicationTest - Started ApplicationTest in 22.338 seconds (JVM running for 23.419)
2019-08-10 18:54:16.606 [Test worker] INFO  o.s.w.s.m.m.a.RequestMappingHandlerMapping - Mapped "{[/hello]}" onto public java.lang.String com.zmglove.web.HelloController.index()
2019-08-10 18:54:16.623 [Test worker] INFO  o.s.w.s.m.m.a.RequestMappingHandlerAdapter - Looking for @ControllerAdvice: org.springframework.test.web.servlet.setup.StubWebApplicationContext@8d01755
2019-08-10 18:54:16.630 [Test worker] INFO  org.springframework.mock.web.MockServletContext - Initializing Spring FrameworkServlet ''
2019-08-10 18:54:16.631 [Test worker] INFO  o.s.test.web.servlet.TestDispatcherServlet - FrameworkServlet '': initialization started
2019-08-10 18:54:16.632 [Test worker] INFO  o.s.test.web.servlet.TestDispatcherServlet - FrameworkServlet '': initialization completed in 1 ms
