2019-08-15 23:48:26.734 [Test worker] INFO  com.zmglove.web.ApplicationTest - Starting ApplicationTest on langzideMacBook-Pro.local with PID 16079 (started by langzi in /Users/langzi/nami/open-source/springboot-tw/springboot-tw-03-02-ucloud)
2019-08-15 23:48:26.740 [Test worker] INFO  com.zmglove.web.ApplicationTest - The following profiles are active: dev
2019-08-15 23:48:26.810 [Test worker] INFO  o.s.w.context.support.GenericWebApplicationContext - Refreshing org.springframework.web.context.support.GenericWebApplicationContext@698b4b44: startup date [Thu Aug 15 23:48:26 CST 2019]; root of context hierarchy
2019-08-15 23:48:27.755 [Test worker] INFO  o.s.scheduling.concurrent.ThreadPoolTaskExecutor - Initializing ExecutorService  'threadPoolTaskExecutor'
2019-08-15 23:48:28.215 [Test worker] INFO  o.s.web.servlet.handler.SimpleUrlHandlerMapping - Mapped URL path [/**/favicon.ico] onto handler of type [class org.springframework.web.servlet.resource.ResourceHttpRequestHandler]
2019-08-15 23:48:28.490 [Test worker] INFO  o.s.w.s.m.m.a.RequestMappingHandlerAdapter - Looking for @ControllerAdvice: org.springframework.web.context.support.GenericWebApplicationContext@698b4b44: startup date [Thu Aug 15 23:48:26 CST 2019]; root of context hierarchy
2019-08-15 23:48:28.569 [Test worker] INFO  o.s.w.s.m.m.a.RequestMappingHandlerMapping - Mapped "{[/hello]}" onto public java.lang.String com.zmglove.web.HelloController.index()
2019-08-15 23:48:28.576 [Test worker] INFO  o.s.w.s.m.m.a.RequestMappingHandlerMapping - Mapped "{[/recording/create],methods=[POST],produces=[application/json;charset=UTF-8]}" onto public java.lang.String com.zmglove.web.RecordingController.createRecording(com.zmglove.model.AgoraChannel) throws java.lang.Exception
2019-08-15 23:48:28.576 [Test worker] INFO  o.s.w.s.m.m.a.RequestMappingHandlerMapping - Mapped "{[/recording/close/{channelId}],methods=[GET],produces=[application/json;charset=UTF-8]}" onto public java.lang.String com.zmglove.web.RecordingController.closeChannel(java.lang.String) throws java.lang.Exception
2019-08-15 23:48:28.580 [Test worker] INFO  o.s.w.s.m.m.a.RequestMappingHandlerMapping - Mapped "{[/error]}" onto public org.springframework.http.ResponseEntity<java.util.Map<java.lang.String, java.lang.Object>> org.springframework.boot.autoconfigure.web.servlet.error.BasicErrorController.error(javax.servlet.http.HttpServletRequest)
2019-08-15 23:48:28.580 [Test worker] INFO  o.s.w.s.m.m.a.RequestMappingHandlerMapping - Mapped "{[/error],produces=[text/html]}" onto public org.springframework.web.servlet.ModelAndView org.springframework.boot.autoconfigure.web.servlet.error.BasicErrorController.errorHtml(javax.servlet.http.HttpServletRequest,javax.servlet.http.HttpServletResponse)
2019-08-15 23:48:28.621 [Test worker] INFO  o.s.web.servlet.handler.SimpleUrlHandlerMapping - Mapped URL path [/webjars/**] onto handler of type [class org.springframework.web.servlet.resource.ResourceHttpRequestHandler]
2019-08-15 23:48:28.621 [Test worker] INFO  o.s.web.servlet.handler.SimpleUrlHandlerMapping - Mapped URL path [/**] onto handler of type [class org.springframework.web.servlet.resource.ResourceHttpRequestHandler]
2019-08-15 23:48:28.967 [Test worker] INFO  com.zmglove.web.ApplicationTest - Started ApplicationTest in 22.612 seconds (JVM running for 23.621)
2019-08-15 23:48:29.121 [Test worker] INFO  o.s.w.s.m.m.a.RequestMappingHandlerMapping - Mapped "{[/hello]}" onto public java.lang.String com.zmglove.web.HelloController.index()
2019-08-15 23:48:29.137 [Test worker] INFO  o.s.w.s.m.m.a.RequestMappingHandlerAdapter - Looking for @ControllerAdvice: org.springframework.test.web.servlet.setup.StubWebApplicationContext@352f5bbb
2019-08-15 23:48:29.143 [Test worker] INFO  org.springframework.mock.web.MockServletContext - Initializing Spring FrameworkServlet ''
2019-08-15 23:48:29.144 [Test worker] INFO  o.s.test.web.servlet.TestDispatcherServlet - FrameworkServlet '': initialization started
2019-08-15 23:48:29.146 [Test worker] INFO  o.s.test.web.servlet.TestDispatcherServlet - FrameworkServlet '': initialization completed in 1 ms
2019-08-15 23:49:04.675 [Test worker] INFO  o.s.w.s.m.m.a.RequestMappingHandlerMapping - Mapped "{[/hello]}" onto public java.lang.String com.zmglove.web.HelloController.index()
2019-08-15 23:49:04.692 [Test worker] INFO  o.s.w.s.m.m.a.RequestMappingHandlerAdapter - Looking for @ControllerAdvice: org.springframework.test.web.servlet.setup.StubWebApplicationContext@7b0e418c
2019-08-15 23:49:04.704 [Test worker] INFO  org.springframework.mock.web.MockServletContext - Initializing Spring FrameworkServlet ''
2019-08-15 23:49:04.704 [Test worker] INFO  o.s.test.web.servlet.TestDispatcherServlet - FrameworkServlet '': initialization started
2019-08-15 23:49:04.705 [Test worker] INFO  o.s.test.web.servlet.TestDispatcherServlet - FrameworkServlet '': initialization completed in 0 ms
2019-08-15 23:50:12.347 [main] INFO  com.zmglove.web.ApplicationTest - Starting ApplicationTest on langzideMacBook-Pro.local with PID 16107 (started by langzi in /Users/langzi/nami/open-source/springboot-tw/springboot-tw-03-02-ucloud)
2019-08-15 23:50:12.351 [main] INFO  com.zmglove.web.ApplicationTest - The following profiles are active: dev
2019-08-15 23:50:12.417 [main] INFO  o.s.w.context.support.GenericWebApplicationContext - Refreshing org.springframework.web.context.support.GenericWebApplicationContext@3542162a: startup date [Thu Aug 15 23:50:12 CST 2019]; root of context hierarchy
2019-08-15 23:50:13.567 [main] INFO  o.s.scheduling.concurrent.ThreadPoolTaskExecutor - Initializing ExecutorService  'threadPoolTaskExecutor'
2019-08-15 23:50:14.039 [main] INFO  o.s.web.servlet.handler.SimpleUrlHandlerMapping - Mapped URL path [/**/favicon.ico] onto handler of type [class org.springframework.web.servlet.resource.ResourceHttpRequestHandler]
2019-08-15 23:50:14.368 [main] INFO  o.s.w.s.m.m.a.RequestMappingHandlerAdapter - Looking for @ControllerAdvice: org.springframework.web.context.support.GenericWebApplicationContext@3542162a: startup date [Thu Aug 15 23:50:12 CST 2019]; root of context hierarchy
2019-08-15 23:50:14.484 [main] INFO  o.s.w.s.m.m.a.RequestMappingHandlerMapping - Mapped "{[/hello]}" onto public java.lang.String com.zmglove.web.HelloController.index()
2019-08-15 23:50:14.492 [main] INFO  o.s.w.s.m.m.a.RequestMappingHandlerMapping - Mapped "{[/recording/create],methods=[POST],produces=[application/json;charset=UTF-8]}" onto public java.lang.String com.zmglove.web.RecordingController.createRecording(com.zmglove.model.AgoraChannel) throws java.lang.Exception
2019-08-15 23:50:14.493 [main] INFO  o.s.w.s.m.m.a.RequestMappingHandlerMapping - Mapped "{[/recording/close/{channelId}],methods=[GET],produces=[application/json;charset=UTF-8]}" onto public java.lang.String com.zmglove.web.RecordingController.closeChannel(java.lang.String) throws java.lang.Exception
2019-08-15 23:50:14.496 [main] INFO  o.s.w.s.m.m.a.RequestMappingHandlerMapping - Mapped "{[/error]}" onto public org.springframework.http.ResponseEntity<java.util.Map<java.lang.String, java.lang.Object>> org.springframework.boot.autoconfigure.web.servlet.error.BasicErrorController.error(javax.servlet.http.HttpServletRequest)
2019-08-15 23:50:14.497 [main] INFO  o.s.w.s.m.m.a.RequestMappingHandlerMapping - Mapped "{[/error],produces=[text/html]}" onto public org.springframework.web.servlet.ModelAndView org.springframework.boot.autoconfigure.web.servlet.error.BasicErrorController.errorHtml(javax.servlet.http.HttpServletRequest,javax.servlet.http.HttpServletResponse)
2019-08-15 23:50:14.546 [main] INFO  o.s.web.servlet.handler.SimpleUrlHandlerMapping - Mapped URL path [/webjars/**] onto handler of type [class org.springframework.web.servlet.resource.ResourceHttpRequestHandler]
2019-08-15 23:50:14.547 [main] INFO  o.s.web.servlet.handler.SimpleUrlHandlerMapping - Mapped URL path [/**] onto handler of type [class org.springframework.web.servlet.resource.ResourceHttpRequestHandler]
2019-08-15 23:50:14.927 [main] INFO  com.zmglove.web.ApplicationTest - Started ApplicationTest in 23.18 seconds (JVM running for 25.741)
2019-08-15 23:50:15.203 [main] INFO  o.s.w.s.m.m.a.RequestMappingHandlerMapping - Mapped "{[/hello]}" onto public java.lang.String com.zmglove.web.HelloController.index()
2019-08-15 23:50:15.223 [main] INFO  o.s.w.s.m.m.a.RequestMappingHandlerAdapter - Looking for @ControllerAdvice: org.springframework.test.web.servlet.setup.StubWebApplicationContext@60dd0587
2019-08-15 23:50:15.232 [main] INFO  org.springframework.mock.web.MockServletContext - Initializing Spring FrameworkServlet ''
2019-08-15 23:50:15.232 [main] INFO  o.s.test.web.servlet.TestDispatcherServlet - FrameworkServlet '': initialization started
2019-08-15 23:50:15.233 [main] INFO  o.s.test.web.servlet.TestDispatcherServlet - FrameworkServlet '': initialization completed in 1 ms
2019-08-15 23:55:30.000 [main] INFO  com.zmglove.web.ApplicationTest - Starting ApplicationTest on langzideMacBook-Pro.local with PID 16151 (started by langzi in /Users/langzi/nami/open-source/springboot-tw/springboot-tw-03-02-ucloud)
2019-08-15 23:55:30.005 [main] INFO  com.zmglove.web.ApplicationTest - The following profiles are active: dev
2019-08-15 23:55:30.066 [main] INFO  o.s.w.context.support.GenericWebApplicationContext - Refreshing org.springframework.web.context.support.GenericWebApplicationContext@55a147cc: startup date [Thu Aug 15 23:55:30 CST 2019]; root of context hierarchy
2019-08-15 23:55:31.224 [main] INFO  o.s.scheduling.concurrent.ThreadPoolTaskExecutor - Initializing ExecutorService  'threadPoolTaskExecutor'
2019-08-15 23:55:31.712 [main] INFO  o.s.web.servlet.handler.SimpleUrlHandlerMapping - Mapped URL path [/**/favicon.ico] onto handler of type [class org.springframework.web.servlet.resource.ResourceHttpRequestHandler]
2019-08-15 23:55:31.962 [main] INFO  o.s.w.s.m.m.a.RequestMappingHandlerAdapter - Looking for @ControllerAdvice: org.springframework.web.context.support.GenericWebApplicationContext@55a147cc: startup date [Thu Aug 15 23:55:30 CST 2019]; root of context hierarchy
2019-08-15 23:55:32.051 [main] INFO  o.s.w.s.m.m.a.RequestMappingHandlerMapping - Mapped "{[/hello]}" onto public java.lang.String com.zmglove.web.HelloController.index()
2019-08-15 23:55:32.059 [main] INFO  o.s.w.s.m.m.a.RequestMappingHandlerMapping - Mapped "{[/recording/create],methods=[POST],produces=[application/json;charset=UTF-8]}" onto public java.lang.String com.zmglove.web.RecordingController.createRecording(com.zmglove.model.AgoraChannel) throws java.lang.Exception
2019-08-15 23:55:32.059 [main] INFO  o.s.w.s.m.m.a.RequestMappingHandlerMapping - Mapped "{[/recording/close/{channelId}],methods=[GET],produces=[application/json;charset=UTF-8]}" onto public java.lang.String com.zmglove.web.RecordingController.closeChannel(java.lang.String) throws java.lang.Exception
2019-08-15 23:55:32.064 [main] INFO  o.s.w.s.m.m.a.RequestMappingHandlerMapping - Mapped "{[/error]}" onto public org.springframework.http.ResponseEntity<java.util.Map<java.lang.String, java.lang.Object>> org.springframework.boot.autoconfigure.web.servlet.error.BasicErrorController.error(javax.servlet.http.HttpServletRequest)
2019-08-15 23:55:32.065 [main] INFO  o.s.w.s.m.m.a.RequestMappingHandlerMapping - Mapped "{[/error],produces=[text/html]}" onto public org.springframework.web.servlet.ModelAndView org.springframework.boot.autoconfigure.web.servlet.error.BasicErrorController.errorHtml(javax.servlet.http.HttpServletRequest,javax.servlet.http.HttpServletResponse)
2019-08-15 23:55:32.100 [main] INFO  o.s.web.servlet.handler.SimpleUrlHandlerMapping - Mapped URL path [/webjars/**] onto handler of type [class org.springframework.web.servlet.resource.ResourceHttpRequestHandler]
2019-08-15 23:55:32.100 [main] INFO  o.s.web.servlet.handler.SimpleUrlHandlerMapping - Mapped URL path [/**] onto handler of type [class org.springframework.web.servlet.resource.ResourceHttpRequestHandler]
2019-08-15 23:55:32.542 [main] INFO  com.zmglove.web.ApplicationTest - Started ApplicationTest in 23.075 seconds (JVM running for 24.354)
2019-08-15 23:55:32.804 [main] INFO  o.s.w.s.m.m.a.RequestMappingHandlerMapping - Mapped "{[/hello]}" onto public java.lang.String com.zmglove.web.HelloController.index()
2019-08-15 23:55:32.818 [main] INFO  o.s.w.s.m.m.a.RequestMappingHandlerAdapter - Looking for @ControllerAdvice: org.springframework.test.web.servlet.setup.StubWebApplicationContext@705f83a7
2019-08-15 23:55:32.829 [main] INFO  org.springframework.mock.web.MockServletContext - Initializing Spring FrameworkServlet ''
2019-08-15 23:55:32.829 [main] INFO  o.s.test.web.servlet.TestDispatcherServlet - FrameworkServlet '': initialization started
2019-08-15 23:55:32.830 [main] INFO  o.s.test.web.servlet.TestDispatcherServlet - FrameworkServlet '': initialization completed in 1 ms
2019-08-15 23:55:34.293 [main] INFO  com.zmglove.util.UFileUtil - >>>>>response = {"eTag":"AgAAAJtkOq406E_PypDA4DO_-aMcix4H","retCode":0}
