2019-08-18 11:00:56.460 [Test worker] INFO  com.zmglove.web.ApplicationTest - Starting ApplicationTest on langzideMacBook-Pro.local with PID 19281 (started by langzi in /Users/langzi/nami/open-source/springboot-tw/springboot-tw-03-02-ucloud)
2019-08-18 11:00:56.464 [Test worker] INFO  com.zmglove.web.ApplicationTest - The following profiles are active: dev
2019-08-18 11:00:56.522 [Test worker] INFO  o.s.w.context.support.GenericWebApplicationContext - Refreshing org.springframework.web.context.support.GenericWebApplicationContext@114dd9e4: startup date [Sun Aug 18 11:00:56 CST 2019]; root of context hierarchy
2019-08-18 11:00:57.453 [Test worker] INFO  o.s.scheduling.concurrent.ThreadPoolTaskExecutor - Initializing ExecutorService  'threadPoolTaskExecutor'
2019-08-18 11:00:57.851 [Test worker] INFO  o.s.web.servlet.handler.SimpleUrlHandlerMapping - Mapped URL path [/**/favicon.ico] onto handler of type [class org.springframework.web.servlet.resource.ResourceHttpRequestHandler]
2019-08-18 11:00:58.112 [Test worker] INFO  o.s.w.s.m.m.a.RequestMappingHandlerAdapter - Looking for @ControllerAdvice: org.springframework.web.context.support.GenericWebApplicationContext@114dd9e4: startup date [Sun Aug 18 11:00:56 CST 2019]; root of context hierarchy
2019-08-18 11:00:58.192 [Test worker] INFO  o.s.w.s.m.m.a.RequestMappingHandlerMapping - Mapped "{[/hello]}" onto public java.lang.String com.zmglove.web.HelloController.index()
2019-08-18 11:00:58.199 [Test worker] INFO  o.s.w.s.m.m.a.RequestMappingHandlerMapping - Mapped "{[/recording/create],methods=[POST],produces=[application/json;charset=UTF-8]}" onto public java.lang.String com.zmglove.web.RecordingController.createRecording(com.zmglove.model.AgoraChannel) throws java.lang.Exception
2019-08-18 11:00:58.200 [Test worker] INFO  o.s.w.s.m.m.a.RequestMappingHandlerMapping - Mapped "{[/recording/close/{channelId}],methods=[GET],produces=[application/json;charset=UTF-8]}" onto public java.lang.String com.zmglove.web.RecordingController.closeChannel(java.lang.String) throws java.lang.Exception
2019-08-18 11:00:58.203 [Test worker] INFO  o.s.w.s.m.m.a.RequestMappingHandlerMapping - Mapped "{[/error]}" onto public org.springframework.http.ResponseEntity<java.util.Map<java.lang.String, java.lang.Object>> org.springframework.boot.autoconfigure.web.servlet.error.BasicErrorController.error(javax.servlet.http.HttpServletRequest)
2019-08-18 11:00:58.204 [Test worker] INFO  o.s.w.s.m.m.a.RequestMappingHandlerMapping - Mapped "{[/error],produces=[text/html]}" onto public org.springframework.web.servlet.ModelAndView org.springframework.boot.autoconfigure.web.servlet.error.BasicErrorController.errorHtml(javax.servlet.http.HttpServletRequest,javax.servlet.http.HttpServletResponse)
2019-08-18 11:00:58.239 [Test worker] INFO  o.s.web.servlet.handler.SimpleUrlHandlerMapping - Mapped URL path [/webjars/**] onto handler of type [class org.springframework.web.servlet.resource.ResourceHttpRequestHandler]
2019-08-18 11:00:58.239 [Test worker] INFO  o.s.web.servlet.handler.SimpleUrlHandlerMapping - Mapped URL path [/**] onto handler of type [class org.springframework.web.servlet.resource.ResourceHttpRequestHandler]
2019-08-18 11:00:58.599 [Test worker] INFO  com.zmglove.web.ApplicationTest - Started ApplicationTest in 22.599 seconds (JVM running for 23.7)
2019-08-18 11:00:58.752 [Test worker] INFO  o.s.w.s.m.m.a.RequestMappingHandlerMapping - Mapped "{[/hello]}" onto public java.lang.String com.zmglove.web.HelloController.index()
2019-08-18 11:00:58.770 [Test worker] INFO  o.s.w.s.m.m.a.RequestMappingHandlerAdapter - Looking for @ControllerAdvice: org.springframework.test.web.servlet.setup.StubWebApplicationContext@69ad134f
2019-08-18 11:00:58.782 [Test worker] INFO  org.springframework.mock.web.MockServletContext - Initializing Spring FrameworkServlet ''
2019-08-18 11:00:58.783 [Test worker] INFO  o.s.test.web.servlet.TestDispatcherServlet - FrameworkServlet '': initialization started
2019-08-18 11:00:58.783 [Test worker] INFO  o.s.test.web.servlet.TestDispatcherServlet - FrameworkServlet '': initialization completed in 0 ms
2019-08-18 11:00:58.793 [Test worker] INFO  o.s.w.s.m.m.a.RequestMappingHandlerMapping - Mapped "{[/hello]}" onto public java.lang.String com.zmglove.web.HelloController.index()
2019-08-18 11:00:58.806 [Test worker] INFO  o.s.w.s.m.m.a.RequestMappingHandlerAdapter - Looking for @ControllerAdvice: org.springframework.test.web.servlet.setup.StubWebApplicationContext@6ba63f77
2019-08-18 11:00:58.809 [Test worker] INFO  org.springframework.mock.web.MockServletContext - Initializing Spring FrameworkServlet ''
2019-08-18 11:00:58.810 [Test worker] INFO  o.s.test.web.servlet.TestDispatcherServlet - FrameworkServlet '': initialization started
2019-08-18 11:00:58.810 [Test worker] INFO  o.s.test.web.servlet.TestDispatcherServlet - FrameworkServlet '': initialization completed in 0 ms
2019-08-18 11:08:19.116 [main] INFO  com.zmglove.web.ApplicationTest - Starting ApplicationTest on langzideMacBook-Pro.local with PID 19359 (started by langzi in /Users/langzi/nami/open-source/springboot-tw/springboot-tw-03-02-ucloud)
2019-08-18 11:08:19.122 [main] INFO  com.zmglove.web.ApplicationTest - The following profiles are active: dev
2019-08-18 11:08:19.223 [main] INFO  o.s.w.context.support.GenericWebApplicationContext - Refreshing org.springframework.web.context.support.GenericWebApplicationContext@16746061: startup date [Sun Aug 18 11:08:19 CST 2019]; root of context hierarchy
2019-08-18 11:08:20.510 [main] INFO  o.s.scheduling.concurrent.ThreadPoolTaskExecutor - Initializing ExecutorService  'threadPoolTaskExecutor'
2019-08-18 11:08:20.970 [main] INFO  o.s.web.servlet.handler.SimpleUrlHandlerMapping - Mapped URL path [/**/favicon.ico] onto handler of type [class org.springframework.web.servlet.resource.ResourceHttpRequestHandler]
2019-08-18 11:08:21.242 [main] INFO  o.s.w.s.m.m.a.RequestMappingHandlerAdapter - Looking for @ControllerAdvice: org.springframework.web.context.support.GenericWebApplicationContext@16746061: startup date [Sun Aug 18 11:08:19 CST 2019]; root of context hierarchy
2019-08-18 11:08:21.364 [main] INFO  o.s.w.s.m.m.a.RequestMappingHandlerMapping - Mapped "{[/hello]}" onto public java.lang.String com.zmglove.web.HelloController.index()
2019-08-18 11:08:21.371 [main] INFO  o.s.w.s.m.m.a.RequestMappingHandlerMapping - Mapped "{[/recording/create],methods=[POST],produces=[application/json;charset=UTF-8]}" onto public java.lang.String com.zmglove.web.RecordingController.createRecording(com.zmglove.model.AgoraChannel) throws java.lang.Exception
2019-08-18 11:08:21.372 [main] INFO  o.s.w.s.m.m.a.RequestMappingHandlerMapping - Mapped "{[/recording/close/{channelId}],methods=[GET],produces=[application/json;charset=UTF-8]}" onto public java.lang.String com.zmglove.web.RecordingController.closeChannel(java.lang.String) throws java.lang.Exception
2019-08-18 11:08:21.376 [main] INFO  o.s.w.s.m.m.a.RequestMappingHandlerMapping - Mapped "{[/error]}" onto public org.springframework.http.ResponseEntity<java.util.Map<java.lang.String, java.lang.Object>> org.springframework.boot.autoconfigure.web.servlet.error.BasicErrorController.error(javax.servlet.http.HttpServletRequest)
2019-08-18 11:08:21.377 [main] INFO  o.s.w.s.m.m.a.RequestMappingHandlerMapping - Mapped "{[/error],produces=[text/html]}" onto public org.springframework.web.servlet.ModelAndView org.springframework.boot.autoconfigure.web.servlet.error.BasicErrorController.errorHtml(javax.servlet.http.HttpServletRequest,javax.servlet.http.HttpServletResponse)
2019-08-18 11:08:21.422 [main] INFO  o.s.web.servlet.handler.SimpleUrlHandlerMapping - Mapped URL path [/webjars/**] onto handler of type [class org.springframework.web.servlet.resource.ResourceHttpRequestHandler]
2019-08-18 11:08:21.422 [main] INFO  o.s.web.servlet.handler.SimpleUrlHandlerMapping - Mapped URL path [/**] onto handler of type [class org.springframework.web.servlet.resource.ResourceHttpRequestHandler]
2019-08-18 11:08:21.830 [main] INFO  com.zmglove.web.ApplicationTest - Started ApplicationTest in 23.329 seconds (JVM running for 24.901)
2019-08-18 11:08:22.158 [main] INFO  o.s.w.s.m.m.a.RequestMappingHandlerMapping - Mapped "{[/hello]}" onto public java.lang.String com.zmglove.web.HelloController.index()
2019-08-18 11:08:22.173 [main] INFO  o.s.w.s.m.m.a.RequestMappingHandlerAdapter - Looking for @ControllerAdvice: org.springframework.test.web.servlet.setup.StubWebApplicationContext@7d979d34
2019-08-18 11:08:22.182 [main] INFO  org.springframework.mock.web.MockServletContext - Initializing Spring FrameworkServlet ''
2019-08-18 11:08:22.182 [main] INFO  o.s.test.web.servlet.TestDispatcherServlet - FrameworkServlet '': initialization started
2019-08-18 11:08:22.182 [main] INFO  o.s.test.web.servlet.TestDispatcherServlet - FrameworkServlet '': initialization completed in 0 ms
2019-08-18 11:08:22.569 [Thread-2] INFO  o.s.w.context.support.GenericWebApplicationContext - Closing org.springframework.web.context.support.GenericWebApplicationContext@16746061: startup date [Sun Aug 18 11:08:19 CST 2019]; root of context hierarchy
